MESSAGE:: 2023-07-17 12:16:34 CEST:: Start Latest Opatch to /u01/app/oracle/product/19.3.0/DB_1
MESSAGE:: 2023-07-17 12:16:34 CEST:: Taking tar backup...
MESSAGE:: 2023-07-17 12:16:47 CEST:: Tar file created and verified. Creating zip...
MESSAGE:: 2023-07-17 12:17:03 CEST:: Zip file exists. Unzipping...
MESSAGE:: 2023-07-17 12:17:11 CEST:: OPatch copy completed successfully.
RESULT:: 2023-07-17 12:17:11 CEST:: SUCCESSFUL
MESSAGE:: 2023-07-17 12:17:12 CEST:: Running patch pre-requisite checks
MESSAGE:: 2023-07-17 12:17:12 CEST:: ORA_HOME is set to     : /u01/app/oracle/product/19.3.0/DB_1
MESSAGE:: 2023-07-17 12:17:12 CEST:: PATCH_HOME is set to   : /u01/software/AUTOMATION/ANSIBLE/patching/RedHat/19c/H1_2023/patch/34765931
MESSAGE:: 2023-07-17 12:17:12 CEST:: PATCH_NAME is set to   : psu
MESSAGE:: 2023-07-17 12:17:12 CEST:: PATCH_NUMBER is set to : 34765931
MESSAGE:: 2023-07-17 12:17:14 CEST:: Oracle Interim Patch Installer version 12.2.0.1.36
MESSAGE:: 2023-07-17 12:17:14 CEST:: Copyright (c) 2023, Oracle Corporation.  All rights reserved.
MESSAGE:: 2023-07-17 12:17:14 CEST::
MESSAGE:: 2023-07-17 12:17:14 CEST:: PREREQ session
MESSAGE:: 2023-07-17 12:17:14 CEST::
MESSAGE:: 2023-07-17 12:17:14 CEST:: Oracle Home       : /u01/app/oracle/product/19.3.0/DB_1
MESSAGE:: 2023-07-17 12:17:14 CEST:: Central Inventory : /u01/app/oraInventory
MESSAGE:: 2023-07-17 12:17:14 CEST::    from           : /u01/app/oracle/product/19.3.0/DB_1/oraInst.loc
MESSAGE:: 2023-07-17 12:17:14 CEST:: OPatch version    : 12.2.0.1.36
MESSAGE:: 2023-07-17 12:17:14 CEST:: OUI version       : 12.2.0.7.0
MESSAGE:: 2023-07-17 12:17:14 CEST:: Log file location : /u01/app/oracle/product/19.3.0/DB_1/cfgtoollogs/opatch/opatch2023-07-17_12-17-13PM_1.log
MESSAGE:: 2023-07-17 12:17:14 CEST::
MESSAGE:: 2023-07-17 12:17:14 CEST:: Invoking prereq "checkconflictagainstohwithdetail"
MESSAGE:: 2023-07-17 12:20:25 CEST::
MESSAGE:: 2023-07-17 12:20:25 CEST:: Prereq "checkConflictAgainstOHWithDetail" passed.
MESSAGE:: 2023-07-17 12:20:25 CEST::
MESSAGE:: 2023-07-17 12:20:25 CEST:: OPatch succeeded.
MESSAGE:: 2023-07-17 12:20:25 CEST:: psu patch pre-requisite checks completed successfully
RESULT:: 2023-07-17 12:20:25 CEST:: SUCCESSFUL
MESSAGE:: 2023-07-17 12:20:26 CEST:: Running patch pre-requisite checks
MESSAGE:: 2023-07-17 12:20:26 CEST:: ORA_HOME is set to     : /u01/app/oracle/product/19.3.0/DB_1
MESSAGE:: 2023-07-17 12:20:26 CEST:: PATCH_HOME is set to   : /u01/software/AUTOMATION/ANSIBLE/patching/RedHat/19c/H1_2023/JDK/34777391
MESSAGE:: 2023-07-17 12:20:26 CEST:: PATCH_NAME is set to   : jdk
MESSAGE:: 2023-07-17 12:20:26 CEST:: PATCH_NUMBER is set to : 34777391
MESSAGE:: 2023-07-17 12:20:27 CEST:: Oracle Interim Patch Installer version 12.2.0.1.36
MESSAGE:: 2023-07-17 12:20:27 CEST:: Copyright (c) 2023, Oracle Corporation.  All rights reserved.
MESSAGE:: 2023-07-17 12:20:27 CEST::
MESSAGE:: 2023-07-17 12:20:27 CEST:: PREREQ session
MESSAGE:: 2023-07-17 12:20:27 CEST::
MESSAGE:: 2023-07-17 12:20:27 CEST:: Oracle Home       : /u01/app/oracle/product/19.3.0/DB_1
MESSAGE:: 2023-07-17 12:20:27 CEST:: Central Inventory : /u01/app/oraInventory
MESSAGE:: 2023-07-17 12:20:27 CEST::    from           : /u01/app/oracle/product/19.3.0/DB_1/oraInst.loc
MESSAGE:: 2023-07-17 12:20:27 CEST:: OPatch version    : 12.2.0.1.36
MESSAGE:: 2023-07-17 12:20:27 CEST:: OUI version       : 12.2.0.7.0
MESSAGE:: 2023-07-17 12:20:27 CEST:: Log file location : /u01/app/oracle/product/19.3.0/DB_1/cfgtoollogs/opatch/opatch2023-07-17_12-20-27PM_1.log
MESSAGE:: 2023-07-17 12:20:27 CEST::
MESSAGE:: 2023-07-17 12:20:27 CEST:: Invoking prereq "checkconflictagainstohwithdetail"
MESSAGE:: 2023-07-17 12:22:54 CEST::
MESSAGE:: 2023-07-17 12:22:54 CEST:: Prereq "checkConflictAgainstOHWithDetail" passed.
MESSAGE:: 2023-07-17 12:22:55 CEST::
MESSAGE:: 2023-07-17 12:22:55 CEST:: OPatch succeeded.
MESSAGE:: 2023-07-17 12:22:55 CEST:: jdk patch pre-requisite checks completed successfully
RESULT:: 2023-07-17 12:22:55 CEST:: SUCCESSFUL
MESSAGE:: 2023-07-17 12:22:56 CEST:: Running patch pre-requisite checks
MESSAGE:: 2023-07-17 12:22:56 CEST:: ORA_HOME is set to     : /u01/app/oracle/product/19.3.0/DB_1
MESSAGE:: 2023-07-17 12:22:56 CEST:: PATCH_HOME is set to   : /u01/software/AUTOMATION/ANSIBLE/patching/RedHat/19c/H1_2023//OJVM/34786990
MESSAGE:: 2023-07-17 12:22:56 CEST:: PATCH_NAME is set to   : ojvm
MESSAGE:: 2023-07-17 12:22:56 CEST:: PATCH_NUMBER is set to : 34786990
MESSAGE:: 2023-07-17 12:22:57 CEST:: Oracle Interim Patch Installer version 12.2.0.1.36
MESSAGE:: 2023-07-17 12:22:57 CEST:: Copyright (c) 2023, Oracle Corporation.  All rights reserved.
MESSAGE:: 2023-07-17 12:22:57 CEST::
MESSAGE:: 2023-07-17 12:22:57 CEST:: PREREQ session
MESSAGE:: 2023-07-17 12:22:57 CEST::
MESSAGE:: 2023-07-17 12:22:57 CEST:: Oracle Home       : /u01/app/oracle/product/19.3.0/DB_1
MESSAGE:: 2023-07-17 12:22:57 CEST:: Central Inventory : /u01/app/oraInventory
MESSAGE:: 2023-07-17 12:22:57 CEST::    from           : /u01/app/oracle/product/19.3.0/DB_1/oraInst.loc
MESSAGE:: 2023-07-17 12:22:57 CEST:: OPatch version    : 12.2.0.1.36
MESSAGE:: 2023-07-17 12:22:57 CEST:: OUI version       : 12.2.0.7.0
MESSAGE:: 2023-07-17 12:22:57 CEST:: Log file location : /u01/app/oracle/product/19.3.0/DB_1/cfgtoollogs/opatch/opatch2023-07-17_12-22-57PM_1.log
MESSAGE:: 2023-07-17 12:22:57 CEST::
MESSAGE:: 2023-07-17 12:22:57 CEST:: Invoking prereq "checkconflictagainstohwithdetail"
MESSAGE:: 2023-07-17 12:25:19 CEST::
MESSAGE:: 2023-07-17 12:25:19 CEST:: Prereq "checkConflictAgainstOHWithDetail" passed.
MESSAGE:: 2023-07-17 12:25:19 CEST::
MESSAGE:: 2023-07-17 12:25:19 CEST:: OPatch succeeded.
MESSAGE:: 2023-07-17 12:25:19 CEST:: ojvm patch pre-requisite checks completed successfully
RESULT:: 2023-07-17 12:25:19 CEST:: SUCCESSFUL
