MESSAGE:: 2023-07-17 06:31:47 EDT:: Start Latest Opatch to /u01/app/oracle/product/19.3.0/DB_1
MESSAGE:: 2023-07-17 06:31:47 EDT:: Taking tar backup...
MESSAGE:: 2023-07-17 06:31:49 EDT:: Tar file created and verified. Creating zip...
MESSAGE:: 2023-07-17 06:32:03 EDT:: Zip file exists. Unzipping...
MESSAGE:: 2023-07-17 06:32:05 EDT:: OPatch copy completed successfully.
RESULT:: 2023-07-17 06:32:05 EDT:: SUCCESSFUL
MESSAGE:: 2023-07-17 06:32:05 EDT:: Running patch pre-requisite checks
MESSAGE:: 2023-07-17 06:32:05 EDT:: ORA_HOME is set to     : /u01/app/oracle/product/19.3.0/DB_1
MESSAGE:: 2023-07-17 06:32:05 EDT:: PATCH_HOME is set to   : /u01/software/AUTOMATION/ANSIBLE/patching/RedHat/19c/H1_2023/patch/34765931
MESSAGE:: 2023-07-17 06:32:05 EDT:: PATCH_NAME is set to   : psu
MESSAGE:: 2023-07-17 06:32:05 EDT:: PATCH_NUMBER is set to : 34765931
MESSAGE:: 2023-07-17 06:32:06 EDT:: Oracle Interim Patch Installer version 12.2.0.1.36
MESSAGE:: 2023-07-17 06:32:06 EDT:: Copyright (c) 2023, Oracle Corporation.  All rights reserved.
MESSAGE:: 2023-07-17 06:32:06 EDT::
MESSAGE:: 2023-07-17 06:32:06 EDT:: PREREQ session
MESSAGE:: 2023-07-17 06:32:06 EDT::
MESSAGE:: 2023-07-17 06:32:06 EDT:: Oracle Home       : /u01/app/oracle/product/19.3.0/DB_1
MESSAGE:: 2023-07-17 06:32:06 EDT:: Central Inventory : /u01/app/oraInventory
MESSAGE:: 2023-07-17 06:32:06 EDT::    from           : /u01/app/oracle/product/19.3.0/DB_1/oraInst.loc
MESSAGE:: 2023-07-17 06:32:06 EDT:: OPatch version    : 12.2.0.1.36
MESSAGE:: 2023-07-17 06:32:06 EDT:: OUI version       : 12.2.0.7.0
MESSAGE:: 2023-07-17 06:32:06 EDT:: Log file location : /u01/app/oracle/product/19.3.0/DB_1/cfgtoollogs/opatch/opatch2023-07-17_06-32-06AM_1.log
MESSAGE:: 2023-07-17 06:32:06 EDT::
MESSAGE:: 2023-07-17 06:32:06 EDT:: Invoking prereq "checkconflictagainstohwithdetail"
MESSAGE:: 2023-07-17 06:34:26 EDT::
MESSAGE:: 2023-07-17 06:34:26 EDT:: Prereq "checkConflictAgainstOHWithDetail" passed.
MESSAGE:: 2023-07-17 06:34:26 EDT::
MESSAGE:: 2023-07-17 06:34:26 EDT:: OPatch succeeded.
MESSAGE:: 2023-07-17 06:34:26 EDT:: psu patch pre-requisite checks completed successfully
RESULT:: 2023-07-17 06:34:26 EDT:: SUCCESSFUL
MESSAGE:: 2023-07-17 06:34:27 EDT:: Running patch pre-requisite checks
MESSAGE:: 2023-07-17 06:34:27 EDT:: ORA_HOME is set to     : /u01/app/oracle/product/19.3.0/DB_1
MESSAGE:: 2023-07-17 06:34:27 EDT:: PATCH_HOME is set to   : /u01/software/AUTOMATION/ANSIBLE/patching/RedHat/19c/H1_2023/JDK/34777391
MESSAGE:: 2023-07-17 06:34:27 EDT:: PATCH_NAME is set to   : jdk
MESSAGE:: 2023-07-17 06:34:27 EDT:: PATCH_NUMBER is set to : 34777391
MESSAGE:: 2023-07-17 06:34:27 EDT:: Oracle Interim Patch Installer version 12.2.0.1.36
MESSAGE:: 2023-07-17 06:34:27 EDT:: Copyright (c) 2023, Oracle Corporation.  All rights reserved.
MESSAGE:: 2023-07-17 06:34:27 EDT::
MESSAGE:: 2023-07-17 06:34:27 EDT:: PREREQ session
MESSAGE:: 2023-07-17 06:34:27 EDT::
MESSAGE:: 2023-07-17 06:34:27 EDT:: Oracle Home       : /u01/app/oracle/product/19.3.0/DB_1
MESSAGE:: 2023-07-17 06:34:27 EDT:: Central Inventory : /u01/app/oraInventory
MESSAGE:: 2023-07-17 06:34:27 EDT::    from           : /u01/app/oracle/product/19.3.0/DB_1/oraInst.loc
MESSAGE:: 2023-07-17 06:34:27 EDT:: OPatch version    : 12.2.0.1.36
MESSAGE:: 2023-07-17 06:34:27 EDT:: OUI version       : 12.2.0.7.0
MESSAGE:: 2023-07-17 06:34:27 EDT:: Log file location : /u01/app/oracle/product/19.3.0/DB_1/cfgtoollogs/opatch/opatch2023-07-17_06-34-27AM_1.log
MESSAGE:: 2023-07-17 06:34:27 EDT::
MESSAGE:: 2023-07-17 06:34:27 EDT:: Invoking prereq "checkconflictagainstohwithdetail"
MESSAGE:: 2023-07-17 06:36:37 EDT::
MESSAGE:: 2023-07-17 06:36:37 EDT:: Prereq "checkConflictAgainstOHWithDetail" passed.
MESSAGE:: 2023-07-17 06:36:37 EDT::
MESSAGE:: 2023-07-17 06:36:37 EDT:: OPatch succeeded.
MESSAGE:: 2023-07-17 06:36:37 EDT:: jdk patch pre-requisite checks completed successfully
RESULT:: 2023-07-17 06:36:37 EDT:: SUCCESSFUL
MESSAGE:: 2023-07-17 06:36:37 EDT:: Running patch pre-requisite checks
MESSAGE:: 2023-07-17 06:36:37 EDT:: ORA_HOME is set to     : /u01/app/oracle/product/19.3.0/DB_1
MESSAGE:: 2023-07-17 06:36:37 EDT:: PATCH_HOME is set to   : /u01/software/AUTOMATION/ANSIBLE/patching/RedHat/19c/H1_2023//OJVM/34786990
MESSAGE:: 2023-07-17 06:36:37 EDT:: PATCH_NAME is set to   : ojvm
MESSAGE:: 2023-07-17 06:36:37 EDT:: PATCH_NUMBER is set to : 34786990
MESSAGE:: 2023-07-17 06:36:38 EDT:: Oracle Interim Patch Installer version 12.2.0.1.36
MESSAGE:: 2023-07-17 06:36:38 EDT:: Copyright (c) 2023, Oracle Corporation.  All rights reserved.
MESSAGE:: 2023-07-17 06:36:38 EDT::
MESSAGE:: 2023-07-17 06:36:38 EDT:: PREREQ session
MESSAGE:: 2023-07-17 06:36:38 EDT::
MESSAGE:: 2023-07-17 06:36:38 EDT:: Oracle Home       : /u01/app/oracle/product/19.3.0/DB_1
MESSAGE:: 2023-07-17 06:36:38 EDT:: Central Inventory : /u01/app/oraInventory
MESSAGE:: 2023-07-17 06:36:38 EDT::    from           : /u01/app/oracle/product/19.3.0/DB_1/oraInst.loc
MESSAGE:: 2023-07-17 06:36:38 EDT:: OPatch version    : 12.2.0.1.36
MESSAGE:: 2023-07-17 06:36:38 EDT:: OUI version       : 12.2.0.7.0
MESSAGE:: 2023-07-17 06:36:38 EDT:: Log file location : /u01/app/oracle/product/19.3.0/DB_1/cfgtoollogs/opatch/opatch2023-07-17_06-36-38AM_1.log
MESSAGE:: 2023-07-17 06:36:38 EDT::
MESSAGE:: 2023-07-17 06:36:38 EDT:: Invoking prereq "checkconflictagainstohwithdetail"
MESSAGE:: 2023-07-17 06:38:39 EDT::
MESSAGE:: 2023-07-17 06:38:39 EDT:: Prereq "checkConflictAgainstOHWithDetail" passed.
MESSAGE:: 2023-07-17 06:38:39 EDT::
MESSAGE:: 2023-07-17 06:38:39 EDT:: OPatch succeeded.
MESSAGE:: 2023-07-17 06:38:39 EDT:: ojvm patch pre-requisite checks completed successfully
RESULT:: 2023-07-17 06:38:39 EDT:: SUCCESSFUL
