MESSAGE:: 2023-07-17 06:53:19 EDT:: Start Latest Opatch to /u01/app/oracle/product/19.3.0/DB_1
MESSAGE:: 2023-07-17 06:53:19 EDT:: Taking tar backup...
MESSAGE:: 2023-07-17 06:53:20 EDT:: Tar file created and verified. Creating zip...
MESSAGE:: 2023-07-17 06:53:34 EDT:: Zip file exists. Unzipping...
MESSAGE:: 2023-07-17 06:53:37 EDT:: OPatch copy completed successfully.
RESULT:: 2023-07-17 06:53:37 EDT:: SUCCESSFUL
MESSAGE:: 2023-07-17 06:53:37 EDT:: Running patch pre-requisite checks
MESSAGE:: 2023-07-17 06:53:37 EDT:: ORA_HOME is set to     : /u01/app/oracle/product/19.3.0/DB_1
MESSAGE:: 2023-07-17 06:53:37 EDT:: PATCH_HOME is set to   : /u01/software/AUTOMATION/ANSIBLE/patching/RedHat/19c/H1_2023/patch/34765931
MESSAGE:: 2023-07-17 06:53:37 EDT:: PATCH_NAME is set to   : psu
MESSAGE:: 2023-07-17 06:53:37 EDT:: PATCH_NUMBER is set to : 34765931
MESSAGE:: 2023-07-17 06:53:38 EDT:: Oracle Interim Patch Installer version 12.2.0.1.36
MESSAGE:: 2023-07-17 06:53:38 EDT:: Copyright (c) 2023, Oracle Corporation.  All rights reserved.
MESSAGE:: 2023-07-17 06:53:38 EDT::
MESSAGE:: 2023-07-17 06:53:38 EDT:: PREREQ session
MESSAGE:: 2023-07-17 06:53:38 EDT::
MESSAGE:: 2023-07-17 06:53:38 EDT:: Oracle Home       : /u01/app/oracle/product/19.3.0/DB_1
MESSAGE:: 2023-07-17 06:53:38 EDT:: Central Inventory : /u01/app/oraInventory
MESSAGE:: 2023-07-17 06:53:38 EDT::    from           : /u01/app/oracle/product/19.3.0/DB_1/oraInst.loc
MESSAGE:: 2023-07-17 06:53:38 EDT:: OPatch version    : 12.2.0.1.36
MESSAGE:: 2023-07-17 06:53:38 EDT:: OUI version       : 12.2.0.7.0
MESSAGE:: 2023-07-17 06:53:38 EDT:: Log file location : /u01/app/oracle/product/19.3.0/DB_1/cfgtoollogs/opatch/opatch2023-07-17_06-53-38AM_1.log
MESSAGE:: 2023-07-17 06:53:38 EDT::
MESSAGE:: 2023-07-17 06:53:38 EDT:: Invoking prereq "checkconflictagainstohwithdetail"
MESSAGE:: 2023-07-17 06:53:51 EDT::
MESSAGE:: 2023-07-17 06:53:51 EDT:: Prereq "checkConflictAgainstOHWithDetail" passed.
MESSAGE:: 2023-07-17 06:53:51 EDT::
MESSAGE:: 2023-07-17 06:53:51 EDT:: OPatch succeeded.
MESSAGE:: 2023-07-17 06:53:51 EDT:: psu patch pre-requisite checks completed successfully
RESULT:: 2023-07-17 06:53:51 EDT:: SUCCESSFUL
MESSAGE:: 2023-07-17 06:53:51 EDT:: Running patch pre-requisite checks
MESSAGE:: 2023-07-17 06:53:51 EDT:: ORA_HOME is set to     : /u01/app/oracle/product/19.3.0/DB_1
MESSAGE:: 2023-07-17 06:53:51 EDT:: PATCH_HOME is set to   : /u01/software/AUTOMATION/ANSIBLE/patching/RedHat/19c/H1_2023/JDK/34777391
MESSAGE:: 2023-07-17 06:53:51 EDT:: PATCH_NAME is set to   : jdk
MESSAGE:: 2023-07-17 06:53:51 EDT:: PATCH_NUMBER is set to : 34777391
MESSAGE:: 2023-07-17 06:53:52 EDT:: Oracle Interim Patch Installer version 12.2.0.1.36
MESSAGE:: 2023-07-17 06:53:52 EDT:: Copyright (c) 2023, Oracle Corporation.  All rights reserved.
MESSAGE:: 2023-07-17 06:53:52 EDT::
MESSAGE:: 2023-07-17 06:53:52 EDT:: PREREQ session
MESSAGE:: 2023-07-17 06:53:52 EDT::
MESSAGE:: 2023-07-17 06:53:52 EDT:: Oracle Home       : /u01/app/oracle/product/19.3.0/DB_1
MESSAGE:: 2023-07-17 06:53:52 EDT:: Central Inventory : /u01/app/oraInventory
MESSAGE:: 2023-07-17 06:53:52 EDT::    from           : /u01/app/oracle/product/19.3.0/DB_1/oraInst.loc
MESSAGE:: 2023-07-17 06:53:52 EDT:: OPatch version    : 12.2.0.1.36
MESSAGE:: 2023-07-17 06:53:52 EDT:: OUI version       : 12.2.0.7.0
MESSAGE:: 2023-07-17 06:53:52 EDT:: Log file location : /u01/app/oracle/product/19.3.0/DB_1/cfgtoollogs/opatch/opatch2023-07-17_06-53-52AM_1.log
MESSAGE:: 2023-07-17 06:53:52 EDT::
MESSAGE:: 2023-07-17 06:53:52 EDT:: Invoking prereq "checkconflictagainstohwithdetail"
MESSAGE:: 2023-07-17 06:54:00 EDT::
MESSAGE:: 2023-07-17 06:54:00 EDT:: Prereq "checkConflictAgainstOHWithDetail" passed.
MESSAGE:: 2023-07-17 06:54:00 EDT::
MESSAGE:: 2023-07-17 06:54:00 EDT:: OPatch succeeded.
MESSAGE:: 2023-07-17 06:54:00 EDT:: jdk patch pre-requisite checks completed successfully
RESULT:: 2023-07-17 06:54:00 EDT:: SUCCESSFUL
MESSAGE:: 2023-07-17 06:54:01 EDT:: Running patch pre-requisite checks
MESSAGE:: 2023-07-17 06:54:01 EDT:: ORA_HOME is set to     : /u01/app/oracle/product/19.3.0/DB_1
MESSAGE:: 2023-07-17 06:54:01 EDT:: PATCH_HOME is set to   : /u01/software/AUTOMATION/ANSIBLE/patching/RedHat/19c/H1_2023//OJVM/34786990
MESSAGE:: 2023-07-17 06:54:01 EDT:: PATCH_NAME is set to   : ojvm
MESSAGE:: 2023-07-17 06:54:01 EDT:: PATCH_NUMBER is set to : 34786990
MESSAGE:: 2023-07-17 06:54:01 EDT:: Oracle Interim Patch Installer version 12.2.0.1.36
MESSAGE:: 2023-07-17 06:54:01 EDT:: Copyright (c) 2023, Oracle Corporation.  All rights reserved.
MESSAGE:: 2023-07-17 06:54:01 EDT::
MESSAGE:: 2023-07-17 06:54:01 EDT:: PREREQ session
MESSAGE:: 2023-07-17 06:54:01 EDT::
MESSAGE:: 2023-07-17 06:54:01 EDT:: Oracle Home       : /u01/app/oracle/product/19.3.0/DB_1
MESSAGE:: 2023-07-17 06:54:01 EDT:: Central Inventory : /u01/app/oraInventory
MESSAGE:: 2023-07-17 06:54:01 EDT::    from           : /u01/app/oracle/product/19.3.0/DB_1/oraInst.loc
MESSAGE:: 2023-07-17 06:54:01 EDT:: OPatch version    : 12.2.0.1.36
MESSAGE:: 2023-07-17 06:54:01 EDT:: OUI version       : 12.2.0.7.0
MESSAGE:: 2023-07-17 06:54:01 EDT:: Log file location : /u01/app/oracle/product/19.3.0/DB_1/cfgtoollogs/opatch/opatch2023-07-17_06-54-01AM_1.log
MESSAGE:: 2023-07-17 06:54:01 EDT::
MESSAGE:: 2023-07-17 06:54:01 EDT:: Invoking prereq "checkconflictagainstohwithdetail"
MESSAGE:: 2023-07-17 06:54:09 EDT::
MESSAGE:: 2023-07-17 06:54:09 EDT:: Prereq "checkConflictAgainstOHWithDetail" passed.
MESSAGE:: 2023-07-17 06:54:09 EDT::
MESSAGE:: 2023-07-17 06:54:09 EDT:: OPatch succeeded.
MESSAGE:: 2023-07-17 06:54:09 EDT:: ojvm patch pre-requisite checks completed successfully
RESULT:: 2023-07-17 06:54:09 EDT:: SUCCESSFUL
