MESSAGE:: 2023-07-17 06:40:25 EDT:: Start Latest Opatch to /u01/app/oracle/product/19.3.0/DB_1
MESSAGE:: 2023-07-17 06:40:25 EDT:: Taking tar backup...
MESSAGE:: 2023-07-17 06:40:26 EDT:: Tar file created and verified. Creating zip...
MESSAGE:: 2023-07-17 06:40:40 EDT:: Zip file exists. Unzipping...
MESSAGE:: 2023-07-17 06:40:43 EDT:: OPatch copy completed successfully.
RESULT:: 2023-07-17 06:40:43 EDT:: SUCCESSFUL
MESSAGE:: 2023-07-17 06:40:43 EDT:: Running patch pre-requisite checks
MESSAGE:: 2023-07-17 06:40:43 EDT:: ORA_HOME is set to     : /u01/app/oracle/product/19.3.0/DB_1
MESSAGE:: 2023-07-17 06:40:43 EDT:: PATCH_HOME is set to   : /u01/software/AUTOMATION/ANSIBLE/patching/RedHat/19c/H1_2023/patch/34765931
MESSAGE:: 2023-07-17 06:40:43 EDT:: PATCH_NAME is set to   : psu
MESSAGE:: 2023-07-17 06:40:43 EDT:: PATCH_NUMBER is set to : 34765931
MESSAGE:: 2023-07-17 06:40:44 EDT:: Oracle Interim Patch Installer version 12.2.0.1.36
MESSAGE:: 2023-07-17 06:40:44 EDT:: Copyright (c) 2023, Oracle Corporation.  All rights reserved.
MESSAGE:: 2023-07-17 06:40:44 EDT::
MESSAGE:: 2023-07-17 06:40:44 EDT:: PREREQ session
MESSAGE:: 2023-07-17 06:40:44 EDT::
MESSAGE:: 2023-07-17 06:40:44 EDT:: Oracle Home       : /u01/app/oracle/product/19.3.0/DB_1
MESSAGE:: 2023-07-17 06:40:44 EDT:: Central Inventory : /u01/app/oraInventory
MESSAGE:: 2023-07-17 06:40:44 EDT::    from           : /u01/app/oracle/product/19.3.0/DB_1/oraInst.loc
MESSAGE:: 2023-07-17 06:40:44 EDT:: OPatch version    : 12.2.0.1.36
MESSAGE:: 2023-07-17 06:40:44 EDT:: OUI version       : 12.2.0.7.0
MESSAGE:: 2023-07-17 06:40:44 EDT:: Log file location : /u01/app/oracle/product/19.3.0/DB_1/cfgtoollogs/opatch/opatch2023-07-17_06-40-44AM_1.log
MESSAGE:: 2023-07-17 06:40:44 EDT::
MESSAGE:: 2023-07-17 06:40:44 EDT:: Invoking prereq "checkconflictagainstohwithdetail"
MESSAGE:: 2023-07-17 06:41:43 EDT::
MESSAGE:: 2023-07-17 06:41:43 EDT:: Prereq "checkConflictAgainstOHWithDetail" passed.
MESSAGE:: 2023-07-17 06:41:43 EDT::
MESSAGE:: 2023-07-17 06:41:43 EDT:: OPatch succeeded.
MESSAGE:: 2023-07-17 06:41:43 EDT:: psu patch pre-requisite checks completed successfully
RESULT:: 2023-07-17 06:41:43 EDT:: SUCCESSFUL
MESSAGE:: 2023-07-17 06:41:43 EDT:: Running patch pre-requisite checks
MESSAGE:: 2023-07-17 06:41:43 EDT:: ORA_HOME is set to     : /u01/app/oracle/product/19.3.0/DB_1
MESSAGE:: 2023-07-17 06:41:43 EDT:: PATCH_HOME is set to   : /u01/software/AUTOMATION/ANSIBLE/patching/RedHat/19c/H1_2023/JDK/34777391
MESSAGE:: 2023-07-17 06:41:43 EDT:: PATCH_NAME is set to   : jdk
MESSAGE:: 2023-07-17 06:41:43 EDT:: PATCH_NUMBER is set to : 34777391
MESSAGE:: 2023-07-17 06:41:44 EDT:: Oracle Interim Patch Installer version 12.2.0.1.36
MESSAGE:: 2023-07-17 06:41:44 EDT:: Copyright (c) 2023, Oracle Corporation.  All rights reserved.
MESSAGE:: 2023-07-17 06:41:44 EDT::
MESSAGE:: 2023-07-17 06:41:44 EDT:: PREREQ session
MESSAGE:: 2023-07-17 06:41:44 EDT::
MESSAGE:: 2023-07-17 06:41:44 EDT:: Oracle Home       : /u01/app/oracle/product/19.3.0/DB_1
MESSAGE:: 2023-07-17 06:41:44 EDT:: Central Inventory : /u01/app/oraInventory
MESSAGE:: 2023-07-17 06:41:44 EDT::    from           : /u01/app/oracle/product/19.3.0/DB_1/oraInst.loc
MESSAGE:: 2023-07-17 06:41:44 EDT:: OPatch version    : 12.2.0.1.36
MESSAGE:: 2023-07-17 06:41:44 EDT:: OUI version       : 12.2.0.7.0
MESSAGE:: 2023-07-17 06:41:44 EDT:: Log file location : /u01/app/oracle/product/19.3.0/DB_1/cfgtoollogs/opatch/opatch2023-07-17_06-41-44AM_1.log
MESSAGE:: 2023-07-17 06:41:44 EDT::
MESSAGE:: 2023-07-17 06:41:44 EDT:: Invoking prereq "checkconflictagainstohwithdetail"
MESSAGE:: 2023-07-17 06:42:41 EDT::
MESSAGE:: 2023-07-17 06:42:41 EDT:: Prereq "checkConflictAgainstOHWithDetail" passed.
MESSAGE:: 2023-07-17 06:42:41 EDT::
MESSAGE:: 2023-07-17 06:42:41 EDT:: OPatch succeeded.
MESSAGE:: 2023-07-17 06:42:41 EDT:: jdk patch pre-requisite checks completed successfully
RESULT:: 2023-07-17 06:42:41 EDT:: SUCCESSFUL
MESSAGE:: 2023-07-17 06:42:42 EDT:: Running patch pre-requisite checks
MESSAGE:: 2023-07-17 06:42:42 EDT:: ORA_HOME is set to     : /u01/app/oracle/product/19.3.0/DB_1
MESSAGE:: 2023-07-17 06:42:42 EDT:: PATCH_HOME is set to   : /u01/software/AUTOMATION/ANSIBLE/patching/RedHat/19c/H1_2023//OJVM/34786990
MESSAGE:: 2023-07-17 06:42:42 EDT:: PATCH_NAME is set to   : ojvm
MESSAGE:: 2023-07-17 06:42:42 EDT:: PATCH_NUMBER is set to : 34786990
MESSAGE:: 2023-07-17 06:42:42 EDT:: Oracle Interim Patch Installer version 12.2.0.1.36
MESSAGE:: 2023-07-17 06:42:42 EDT:: Copyright (c) 2023, Oracle Corporation.  All rights reserved.
MESSAGE:: 2023-07-17 06:42:42 EDT::
MESSAGE:: 2023-07-17 06:42:42 EDT:: PREREQ session
MESSAGE:: 2023-07-17 06:42:42 EDT::
MESSAGE:: 2023-07-17 06:42:42 EDT:: Oracle Home       : /u01/app/oracle/product/19.3.0/DB_1
MESSAGE:: 2023-07-17 06:42:42 EDT:: Central Inventory : /u01/app/oraInventory
MESSAGE:: 2023-07-17 06:42:42 EDT::    from           : /u01/app/oracle/product/19.3.0/DB_1/oraInst.loc
MESSAGE:: 2023-07-17 06:42:42 EDT:: OPatch version    : 12.2.0.1.36
MESSAGE:: 2023-07-17 06:42:42 EDT:: OUI version       : 12.2.0.7.0
MESSAGE:: 2023-07-17 06:42:42 EDT:: Log file location : /u01/app/oracle/product/19.3.0/DB_1/cfgtoollogs/opatch/opatch2023-07-17_06-42-42AM_1.log
MESSAGE:: 2023-07-17 06:42:42 EDT::
MESSAGE:: 2023-07-17 06:42:42 EDT:: Invoking prereq "checkconflictagainstohwithdetail"
MESSAGE:: 2023-07-17 06:43:39 EDT::
MESSAGE:: 2023-07-17 06:43:39 EDT:: Prereq "checkConflictAgainstOHWithDetail" passed.
MESSAGE:: 2023-07-17 06:43:39 EDT::
MESSAGE:: 2023-07-17 06:43:39 EDT:: OPatch succeeded.
MESSAGE:: 2023-07-17 06:43:39 EDT:: ojvm patch pre-requisite checks completed successfully
RESULT:: 2023-07-17 06:43:39 EDT:: SUCCESSFUL
