MESSAGE:: 2023-07-17 06:05:48 EDT:: Start Latest Opatch to /u01/app/oracle/product/19.3.0/DB_1
MESSAGE:: 2023-07-17 06:05:48 EDT:: Taking tar backup...
MESSAGE:: 2023-07-17 06:05:50 EDT:: Tar file created and verified. Creating zip...
MESSAGE:: 2023-07-17 06:06:04 EDT:: Zip file exists. Unzipping...
MESSAGE:: 2023-07-17 06:06:07 EDT:: OPatch copy completed successfully.
RESULT:: 2023-07-17 06:06:07 EDT:: SUCCESSFUL
MESSAGE:: 2023-07-17 06:06:07 EDT:: Running patch pre-requisite checks
MESSAGE:: 2023-07-17 06:06:07 EDT:: ORA_HOME is set to     : /u01/app/oracle/product/19.3.0/DB_1
MESSAGE:: 2023-07-17 06:06:07 EDT:: PATCH_HOME is set to   : /u01/software/AUTOMATION/ANSIBLE/patching/RedHat/19c/H1_2023/patch/34765931
MESSAGE:: 2023-07-17 06:06:07 EDT:: PATCH_NAME is set to   : psu
MESSAGE:: 2023-07-17 06:06:07 EDT:: PATCH_NUMBER is set to : 34765931
MESSAGE:: 2023-07-17 06:06:08 EDT:: Oracle Interim Patch Installer version 12.2.0.1.36
MESSAGE:: 2023-07-17 06:06:08 EDT:: Copyright (c) 2023, Oracle Corporation.  All rights reserved.
MESSAGE:: 2023-07-17 06:06:08 EDT::
MESSAGE:: 2023-07-17 06:06:08 EDT:: PREREQ session
MESSAGE:: 2023-07-17 06:06:08 EDT::
MESSAGE:: 2023-07-17 06:06:08 EDT:: Oracle Home       : /u01/app/oracle/product/19.3.0/DB_1
MESSAGE:: 2023-07-17 06:06:08 EDT:: Central Inventory : /u01/app/oraInventory
MESSAGE:: 2023-07-17 06:06:08 EDT::    from           : /u01/app/oracle/product/19.3.0/DB_1/oraInst.loc
MESSAGE:: 2023-07-17 06:06:08 EDT:: OPatch version    : 12.2.0.1.36
MESSAGE:: 2023-07-17 06:06:08 EDT:: OUI version       : 12.2.0.7.0
MESSAGE:: 2023-07-17 06:06:08 EDT:: Log file location : /u01/app/oracle/product/19.3.0/DB_1/cfgtoollogs/opatch/opatch2023-07-17_06-06-08AM_1.log
MESSAGE:: 2023-07-17 06:06:08 EDT::
MESSAGE:: 2023-07-17 06:06:08 EDT:: Invoking prereq "checkconflictagainstohwithdetail"
MESSAGE:: 2023-07-17 06:09:39 EDT::
MESSAGE:: 2023-07-17 06:09:39 EDT:: Prereq "checkConflictAgainstOHWithDetail" passed.
MESSAGE:: 2023-07-17 06:09:39 EDT::
MESSAGE:: 2023-07-17 06:09:39 EDT:: OPatch succeeded.
MESSAGE:: 2023-07-17 06:09:39 EDT:: psu patch pre-requisite checks completed successfully
RESULT:: 2023-07-17 06:09:39 EDT:: SUCCESSFUL
MESSAGE:: 2023-07-17 06:09:39 EDT:: Running patch pre-requisite checks
MESSAGE:: 2023-07-17 06:09:39 EDT:: ORA_HOME is set to     : /u01/app/oracle/product/19.3.0/DB_1
MESSAGE:: 2023-07-17 06:09:39 EDT:: PATCH_HOME is set to   : /u01/software/AUTOMATION/ANSIBLE/patching/RedHat/19c/H1_2023/JDK/34777391
MESSAGE:: 2023-07-17 06:09:39 EDT:: PATCH_NAME is set to   : jdk
MESSAGE:: 2023-07-17 06:09:39 EDT:: PATCH_NUMBER is set to : 34777391
MESSAGE:: 2023-07-17 06:09:40 EDT:: Oracle Interim Patch Installer version 12.2.0.1.36
MESSAGE:: 2023-07-17 06:09:40 EDT:: Copyright (c) 2023, Oracle Corporation.  All rights reserved.
MESSAGE:: 2023-07-17 06:09:40 EDT::
MESSAGE:: 2023-07-17 06:09:40 EDT:: PREREQ session
MESSAGE:: 2023-07-17 06:09:40 EDT::
MESSAGE:: 2023-07-17 06:09:40 EDT:: Oracle Home       : /u01/app/oracle/product/19.3.0/DB_1
MESSAGE:: 2023-07-17 06:09:40 EDT:: Central Inventory : /u01/app/oraInventory
MESSAGE:: 2023-07-17 06:09:40 EDT::    from           : /u01/app/oracle/product/19.3.0/DB_1/oraInst.loc
MESSAGE:: 2023-07-17 06:09:40 EDT:: OPatch version    : 12.2.0.1.36
MESSAGE:: 2023-07-17 06:09:40 EDT:: OUI version       : 12.2.0.7.0
MESSAGE:: 2023-07-17 06:09:40 EDT:: Log file location : /u01/app/oracle/product/19.3.0/DB_1/cfgtoollogs/opatch/opatch2023-07-17_06-09-40AM_1.log
MESSAGE:: 2023-07-17 06:09:40 EDT::
MESSAGE:: 2023-07-17 06:09:40 EDT:: Invoking prereq "checkconflictagainstohwithdetail"
MESSAGE:: 2023-07-17 06:13:10 EDT::
MESSAGE:: 2023-07-17 06:13:10 EDT:: Prereq "checkConflictAgainstOHWithDetail" passed.
MESSAGE:: 2023-07-17 06:13:10 EDT::
MESSAGE:: 2023-07-17 06:13:10 EDT:: OPatch succeeded.
MESSAGE:: 2023-07-17 06:13:10 EDT:: jdk patch pre-requisite checks completed successfully
RESULT:: 2023-07-17 06:13:10 EDT:: SUCCESSFUL
MESSAGE:: 2023-07-17 06:13:10 EDT:: Running patch pre-requisite checks
MESSAGE:: 2023-07-17 06:13:10 EDT:: ORA_HOME is set to     : /u01/app/oracle/product/19.3.0/DB_1
MESSAGE:: 2023-07-17 06:13:10 EDT:: PATCH_HOME is set to   : /u01/software/AUTOMATION/ANSIBLE/patching/RedHat/19c/H1_2023//OJVM/34786990
MESSAGE:: 2023-07-17 06:13:10 EDT:: PATCH_NAME is set to   : ojvm
MESSAGE:: 2023-07-17 06:13:10 EDT:: PATCH_NUMBER is set to : 34786990
MESSAGE:: 2023-07-17 06:13:11 EDT:: Oracle Interim Patch Installer version 12.2.0.1.36
MESSAGE:: 2023-07-17 06:13:11 EDT:: Copyright (c) 2023, Oracle Corporation.  All rights reserved.
MESSAGE:: 2023-07-17 06:13:11 EDT::
MESSAGE:: 2023-07-17 06:13:11 EDT:: PREREQ session
MESSAGE:: 2023-07-17 06:13:11 EDT::
MESSAGE:: 2023-07-17 06:13:11 EDT:: Oracle Home       : /u01/app/oracle/product/19.3.0/DB_1
MESSAGE:: 2023-07-17 06:13:11 EDT:: Central Inventory : /u01/app/oraInventory
MESSAGE:: 2023-07-17 06:13:11 EDT::    from           : /u01/app/oracle/product/19.3.0/DB_1/oraInst.loc
MESSAGE:: 2023-07-17 06:13:11 EDT:: OPatch version    : 12.2.0.1.36
MESSAGE:: 2023-07-17 06:13:11 EDT:: OUI version       : 12.2.0.7.0
MESSAGE:: 2023-07-17 06:13:11 EDT:: Log file location : /u01/app/oracle/product/19.3.0/DB_1/cfgtoollogs/opatch/opatch2023-07-17_06-13-11AM_1.log
MESSAGE:: 2023-07-17 06:13:11 EDT::
MESSAGE:: 2023-07-17 06:13:11 EDT:: Invoking prereq "checkconflictagainstohwithdetail"
MESSAGE:: 2023-07-17 06:16:32 EDT::
MESSAGE:: 2023-07-17 06:16:32 EDT:: Prereq "checkConflictAgainstOHWithDetail" passed.
MESSAGE:: 2023-07-17 06:16:32 EDT::
MESSAGE:: 2023-07-17 06:16:32 EDT:: OPatch succeeded.
MESSAGE:: 2023-07-17 06:16:32 EDT:: ojvm patch pre-requisite checks completed successfully
RESULT:: 2023-07-17 06:16:32 EDT:: SUCCESSFUL
