MESSAGE:: 2023-07-17 06:25:19 EDT:: Start Latest Opatch to /u01/app/oracle/product/19.3.0/DB_1
MESSAGE:: 2023-07-17 06:25:19 EDT:: Taking tar backup...
MESSAGE:: 2023-07-17 06:25:21 EDT:: Tar file created and verified. Creating zip...
MESSAGE:: 2023-07-17 06:25:35 EDT:: Zip file exists. Unzipping...
MESSAGE:: 2023-07-17 06:25:38 EDT:: OPatch copy completed successfully.
RESULT:: 2023-07-17 06:25:38 EDT:: SUCCESSFUL
MESSAGE:: 2023-07-17 06:25:38 EDT:: Running patch pre-requisite checks
MESSAGE:: 2023-07-17 06:25:38 EDT:: ORA_HOME is set to     : /u01/app/oracle/product/19.3.0/DB_1
MESSAGE:: 2023-07-17 06:25:38 EDT:: PATCH_HOME is set to   : /u01/software/AUTOMATION/ANSIBLE/patching/RedHat/19c/H1_2023/patch/34765931
MESSAGE:: 2023-07-17 06:25:38 EDT:: PATCH_NAME is set to   : psu
MESSAGE:: 2023-07-17 06:25:38 EDT:: PATCH_NUMBER is set to : 34765931
MESSAGE:: 2023-07-17 06:25:39 EDT:: Oracle Interim Patch Installer version 12.2.0.1.36
MESSAGE:: 2023-07-17 06:25:39 EDT:: Copyright (c) 2023, Oracle Corporation.  All rights reserved.
MESSAGE:: 2023-07-17 06:25:39 EDT::
MESSAGE:: 2023-07-17 06:25:39 EDT:: PREREQ session
MESSAGE:: 2023-07-17 06:25:39 EDT::
MESSAGE:: 2023-07-17 06:25:39 EDT:: Oracle Home       : /u01/app/oracle/product/19.3.0/DB_1
MESSAGE:: 2023-07-17 06:25:39 EDT:: Central Inventory : /u01/app/oraInventory
MESSAGE:: 2023-07-17 06:25:39 EDT::    from           : /u01/app/oracle/product/19.3.0/DB_1/oraInst.loc
MESSAGE:: 2023-07-17 06:25:39 EDT:: OPatch version    : 12.2.0.1.36
MESSAGE:: 2023-07-17 06:25:39 EDT:: OUI version       : 12.2.0.7.0
MESSAGE:: 2023-07-17 06:25:39 EDT:: Log file location : /u01/app/oracle/product/19.3.0/DB_1/cfgtoollogs/opatch/opatch2023-07-17_06-25-39AM_1.log
MESSAGE:: 2023-07-17 06:25:39 EDT::
MESSAGE:: 2023-07-17 06:25:39 EDT:: Invoking prereq "checkconflictagainstohwithdetail"
MESSAGE:: 2023-07-17 06:27:47 EDT::
MESSAGE:: 2023-07-17 06:27:47 EDT:: Prereq "checkConflictAgainstOHWithDetail" passed.
MESSAGE:: 2023-07-17 06:27:47 EDT::
MESSAGE:: 2023-07-17 06:27:47 EDT:: OPatch succeeded.
MESSAGE:: 2023-07-17 06:27:47 EDT:: psu patch pre-requisite checks completed successfully
RESULT:: 2023-07-17 06:27:47 EDT:: SUCCESSFUL
MESSAGE:: 2023-07-17 06:27:48 EDT:: Running patch pre-requisite checks
MESSAGE:: 2023-07-17 06:27:48 EDT:: ORA_HOME is set to     : /u01/app/oracle/product/19.3.0/DB_1
MESSAGE:: 2023-07-17 06:27:48 EDT:: PATCH_HOME is set to   : /u01/software/AUTOMATION/ANSIBLE/patching/RedHat/19c/H1_2023/JDK/34777391
MESSAGE:: 2023-07-17 06:27:48 EDT:: PATCH_NAME is set to   : jdk
MESSAGE:: 2023-07-17 06:27:48 EDT:: PATCH_NUMBER is set to : 34777391
MESSAGE:: 2023-07-17 06:27:48 EDT:: Oracle Interim Patch Installer version 12.2.0.1.36
MESSAGE:: 2023-07-17 06:27:48 EDT:: Copyright (c) 2023, Oracle Corporation.  All rights reserved.
MESSAGE:: 2023-07-17 06:27:48 EDT::
MESSAGE:: 2023-07-17 06:27:48 EDT:: PREREQ session
MESSAGE:: 2023-07-17 06:27:48 EDT::
MESSAGE:: 2023-07-17 06:27:48 EDT:: Oracle Home       : /u01/app/oracle/product/19.3.0/DB_1
MESSAGE:: 2023-07-17 06:27:48 EDT:: Central Inventory : /u01/app/oraInventory
MESSAGE:: 2023-07-17 06:27:48 EDT::    from           : /u01/app/oracle/product/19.3.0/DB_1/oraInst.loc
MESSAGE:: 2023-07-17 06:27:48 EDT:: OPatch version    : 12.2.0.1.36
MESSAGE:: 2023-07-17 06:27:48 EDT:: OUI version       : 12.2.0.7.0
MESSAGE:: 2023-07-17 06:27:48 EDT:: Log file location : /u01/app/oracle/product/19.3.0/DB_1/cfgtoollogs/opatch/opatch2023-07-17_06-27-48AM_1.log
MESSAGE:: 2023-07-17 06:27:48 EDT::
MESSAGE:: 2023-07-17 06:27:48 EDT:: Invoking prereq "checkconflictagainstohwithdetail"
MESSAGE:: 2023-07-17 06:29:48 EDT::
MESSAGE:: 2023-07-17 06:29:48 EDT:: Prereq "checkConflictAgainstOHWithDetail" passed.
MESSAGE:: 2023-07-17 06:29:48 EDT::
MESSAGE:: 2023-07-17 06:29:48 EDT:: OPatch succeeded.
MESSAGE:: 2023-07-17 06:29:48 EDT:: jdk patch pre-requisite checks completed successfully
RESULT:: 2023-07-17 06:29:48 EDT:: SUCCESSFUL
MESSAGE:: 2023-07-17 06:29:49 EDT:: Running patch pre-requisite checks
MESSAGE:: 2023-07-17 06:29:49 EDT:: ORA_HOME is set to     : /u01/app/oracle/product/19.3.0/DB_1
MESSAGE:: 2023-07-17 06:29:49 EDT:: PATCH_HOME is set to   : /u01/software/AUTOMATION/ANSIBLE/patching/RedHat/19c/H1_2023//OJVM/34786990
MESSAGE:: 2023-07-17 06:29:49 EDT:: PATCH_NAME is set to   : ojvm
MESSAGE:: 2023-07-17 06:29:49 EDT:: PATCH_NUMBER is set to : 34786990
MESSAGE:: 2023-07-17 06:29:49 EDT:: Oracle Interim Patch Installer version 12.2.0.1.36
MESSAGE:: 2023-07-17 06:29:49 EDT:: Copyright (c) 2023, Oracle Corporation.  All rights reserved.
MESSAGE:: 2023-07-17 06:29:49 EDT::
MESSAGE:: 2023-07-17 06:29:49 EDT:: PREREQ session
MESSAGE:: 2023-07-17 06:29:49 EDT::
MESSAGE:: 2023-07-17 06:29:49 EDT:: Oracle Home       : /u01/app/oracle/product/19.3.0/DB_1
MESSAGE:: 2023-07-17 06:29:49 EDT:: Central Inventory : /u01/app/oraInventory
MESSAGE:: 2023-07-17 06:29:49 EDT::    from           : /u01/app/oracle/product/19.3.0/DB_1/oraInst.loc
MESSAGE:: 2023-07-17 06:29:49 EDT:: OPatch version    : 12.2.0.1.36
MESSAGE:: 2023-07-17 06:29:49 EDT:: OUI version       : 12.2.0.7.0
MESSAGE:: 2023-07-17 06:29:49 EDT:: Log file location : /u01/app/oracle/product/19.3.0/DB_1/cfgtoollogs/opatch/opatch2023-07-17_06-29-49AM_1.log
MESSAGE:: 2023-07-17 06:29:49 EDT::
MESSAGE:: 2023-07-17 06:29:49 EDT:: Invoking prereq "checkconflictagainstohwithdetail"
MESSAGE:: 2023-07-17 06:31:47 EDT::
MESSAGE:: 2023-07-17 06:31:47 EDT:: Prereq "checkConflictAgainstOHWithDetail" passed.
MESSAGE:: 2023-07-17 06:31:47 EDT::
MESSAGE:: 2023-07-17 06:31:47 EDT:: OPatch succeeded.
MESSAGE:: 2023-07-17 06:31:47 EDT:: ojvm patch pre-requisite checks completed successfully
RESULT:: 2023-07-17 06:31:47 EDT:: SUCCESSFUL
